<?xml version="1.0" encoding="utf-8"?><testsuites name="pytest tests"><testsuite name="pytest" errors="0" failures="0" skipped="0" tests="20" time="4.579" timestamp="2026-03-16T11:56:40.427697+00:00" hostname="agent-env-875f834c-466b-419a-ae21-2cb640e89460"><testcase classname="backend.tests.test_admin_templates.TestAdminTemplates" name="test_01_unauthenticated_access_blocked" time="0.605" /><testcase classname="backend.tests.test_admin_templates.TestAdminTemplates" name="test_02_list_templates_all" time="0.104" /><testcase classname="backend.tests.test_admin_templates.TestAdminTemplates" name="test_03_list_templates_by_category_observation" time="0.134" /><testcase classname="backend.tests.test_admin_templates.TestAdminTemplates" name="test_04_list_templates_by_category_coach_reflection" time="0.106" /><testcase classname="backend.tests.test_admin_templates.TestAdminTemplates" name="test_05_list_templates_by_category_coach_developer_reflection" time="0.132" /><testcase classname="backend.tests.test_admin_templates.TestAdminTemplates" name="test_06_create_observation_template" time="0.246" /><testcase classname="backend.tests.test_admin_templates.TestAdminTemplates" name="test_07_create_coach_reflection_template" time="0.109" /><testcase classname="backend.tests.test_admin_templates.TestAdminTemplates" name="test_08_create_coach_developer_reflection_template" time="0.101" /><testcase classname="backend.tests.test_admin_templates.TestAdminTemplates" name="test_09_create_template_invalid_category" time="0.104" /><testcase classname="backend.tests.test_admin_templates.TestAdminTemplates" name="test_10_update_template" time="0.348" /><testcase classname="backend.tests.test_admin_templates.TestAdminTemplates" name="test_11_update_nonexistent_template" time="0.107" /><testcase classname="backend.tests.test_admin_templates.TestAdminTemplates" name="test_12_set_global_status" time="0.331" /><testcase classname="backend.tests.test_admin_templates.TestAdminTemplates" name="test_13_delete_template" time="0.339" /><testcase classname="backend.tests.test_admin_templates.TestAdminTemplates" name="test_14_delete_nonexistent_template" time="0.104" /><testcase classname="backend.tests.test_admin_templates.TestAdminTemplates" name="test_15_list_tags" time="0.102" /><testcase classname="backend.tests.test_admin_templates.TestAdminTemplates" name="test_16_get_stats" time="0.110" /><testcase classname="backend.tests.test_admin_templates.TestAdminTemplates" name="test_17_list_assignable_users" time="0.114" /><testcase classname="backend.tests.test_admin_templates.TestAdminTemplates" name="test_18_list_assignable_organizations" time="0.106" /><testcase classname="backend.tests.test_admin_templates.TestAdminTemplates" name="test_19_search_assignable_users" time="0.095" /><testcase classname="backend.tests.test_admin_templates.TestAdminTemplates" name="test_20_assign_template" time="1.100" /></testsuite></testsuites>