<?xml version="1.0" encoding="utf-8"?><testsuites name="pytest tests"><testsuite name="pytest" errors="0" failures="0" skipped="0" tests="4" time="31.303" timestamp="2026-02-12T12:16:28.122592+00:00" hostname="agent-env-96af93e3-aebb-45c9-903c-e81377c926e5"><testcase classname="backend.tests.test_ai_summary_fix.TestAISummaryFix" name="test_login_coach_developer" time="2.296" /><testcase classname="backend.tests.test_ai_summary_fix.TestAISummaryFix" name="test_get_session_data" time="0.277" /><testcase classname="backend.tests.test_ai_summary_fix.TestAISummaryFix" name="test_generate_summary_endpoint" time="16.305" /><testcase classname="backend.tests.test_ai_summary_fix.TestAISummaryFix" name="test_generate_summary_without_coach_name" time="12.367" /></testsuite></testsuites>