<?xml version="1.0" encoding="utf-8"?><testsuites name="pytest tests"><testsuite name="pytest" errors="0" failures="0" skipped="0" tests="20" time="0.891" timestamp="2026-01-22T01:45:56.052666+00:00" hostname="agent-env-b245c2b2-75fe-4c30-babc-65e89a81f4ff"><testcase classname="tests.test_auth_endpoints.TestAuthSignup" name="test_signup_invalid_email_format" time="0.106" /><testcase classname="tests.test_auth_endpoints.TestAuthSignup" name="test_signup_password_too_short" time="0.037" /><testcase classname="tests.test_auth_endpoints.TestAuthSignup" name="test_signup_password_no_letter" time="0.036" /><testcase classname="tests.test_auth_endpoints.TestAuthSignup" name="test_signup_password_no_number" time="0.032" /><testcase classname="tests.test_auth_endpoints.TestAuthSignup" name="test_signup_requires_invite_for_non_first_user" time="0.041" /><testcase classname="tests.test_auth_endpoints.TestAuthLogin" name="test_login_invalid_credentials" time="0.036" /><testcase classname="tests.test_auth_endpoints.TestAuthLogin" name="test_login_invalid_email_format" time="0.032" /><testcase classname="tests.test_auth_endpoints.TestAuthLogin" name="test_login_missing_password" time="0.039" /><testcase classname="tests.test_auth_endpoints.TestAuthForgotPassword" name="test_forgot_password_returns_generic_success" time="0.047" /><testcase classname="tests.test_auth_endpoints.TestAuthForgotPassword" name="test_forgot_password_valid_email_format" time="0.037" /><testcase classname="tests.test_auth_endpoints.TestAuthForgotPassword" name="test_forgot_password_invalid_email_format" time="0.033" /><testcase classname="tests.test_auth_endpoints.TestAuthVerifyResetToken" name="test_verify_invalid_token" time="0.035" /><testcase classname="tests.test_auth_endpoints.TestAuthVerifyResetToken" name="test_verify_empty_token" time="0.036" /><testcase classname="tests.test_auth_endpoints.TestAuthResetPassword" name="test_reset_password_invalid_token" time="0.043" /><testcase classname="tests.test_auth_endpoints.TestAuthResetPassword" name="test_reset_password_weak_password" time="0.038" /><testcase classname="tests.test_auth_endpoints.TestGoogleOnlyAccountLogin" name="test_login_google_only_account_message" time="0.042" /><testcase classname="tests.test_auth_endpoints.TestAuthEndpointValidation" name="test_signup_missing_name" time="0.037" /><testcase classname="tests.test_auth_endpoints.TestAuthEndpointValidation" name="test_signup_empty_name" time="0.042" /><testcase classname="tests.test_auth_endpoints.TestAuthEndpointValidation" name="test_login_empty_body" time="0.036" /><testcase classname="tests.test_auth_endpoints.TestAuthEndpointValidation" name="test_forgot_password_empty_body" time="0.032" /></testsuite></testsuites>