<?xml version="1.0" encoding="utf-8"?><testsuites name="pytest tests"><testsuite name="pytest" errors="0" failures="0" skipped="0" tests="12" time="2.463" timestamp="2026-02-27T00:30:19.949300+00:00" hostname="agent-env-64a27f09-0bf2-47e2-9380-88719d01b0bb"><testcase classname="backend.tests.test_billing_entitlement.TestBillingEntitlement" name="test_admin_login_not_blocked" time="0.436" /><testcase classname="backend.tests.test_billing_entitlement.TestBillingEntitlement" name="test_admin_role_correct" time="0.000" /><testcase classname="backend.tests.test_billing_entitlement.TestBillingEntitlement" name="test_entitlement_endpoint_exists" time="0.135" /><testcase classname="backend.tests.test_billing_entitlement.TestBillingEntitlement" name="test_entitlement_response_structure" time="0.136" /><testcase classname="backend.tests.test_billing_entitlement.TestBillingEntitlement" name="test_entitlement_no_subscription_reason" time="0.193" /><testcase classname="backend.tests.test_billing_entitlement.TestBillingEntitlement" name="test_admin_can_access_coaches" time="0.125" /><testcase classname="backend.tests.test_billing_entitlement.TestBillingEntitlement" name="test_admin_can_access_admin_endpoints" time="0.176" /><testcase classname="backend.tests.test_billing_entitlement.TestBillingEntitlement" name="test_entitlement_requires_auth" time="0.117" /><testcase classname="backend.tests.test_billing_entitlement.TestLoginNotBlocked" name="test_login_endpoint_exists" time="0.136" /><testcase classname="backend.tests.test_billing_entitlement.TestLoginNotBlocked" name="test_login_returns_user_data" time="0.338" /><testcase classname="backend.tests.test_billing_entitlement.TestSubscriptionStatus" name="test_subscription_details_endpoint" time="0.468" /><testcase classname="backend.tests.test_billing_entitlement.TestSubscriptionStatus" name="test_pricing_tiers_endpoint" time="0.143" /></testsuite></testsuites>