<?xml version="1.0" encoding="utf-8"?><testsuites name="pytest tests"><testsuite name="pytest" errors="0" failures="0" skipped="0" tests="16" time="4.905" timestamp="2026-02-03T14:23:48.324035+00:00" hostname="agent-env-4408e02b-92a8-4e0a-8fbd-276376c645da"><testcase classname="backend.tests.test_cloud_sync.TestCheckFirstUser" name="test_check_first_returns_false_when_users_exist" time="0.062" /><testcase classname="backend.tests.test_cloud_sync.TestEmailPasswordAuth" name="test_login_coach_developer_success" time="0.270" /><testcase classname="backend.tests.test_cloud_sync.TestEmailPasswordAuth" name="test_login_coach_success" time="0.261" /><testcase classname="backend.tests.test_cloud_sync.TestEmailPasswordAuth" name="test_login_invalid_credentials" time="0.077" /><testcase classname="backend.tests.test_cloud_sync.TestObservationsAPI" name="test_get_observations_list" time="0.335" /><testcase classname="backend.tests.test_cloud_sync.TestObservationsAPI" name="test_create_observation_session" time="0.304" /><testcase classname="backend.tests.test_cloud_sync.TestObservationsWithToken" name="test_get_observations_with_token" time="0.383" /><testcase classname="backend.tests.test_cloud_sync.TestObservationsWithToken" name="test_create_observation_with_token" time="0.369" /><testcase classname="backend.tests.test_cloud_sync.TestObservationsWithToken" name="test_get_single_observation" time="0.407" /><testcase classname="backend.tests.test_cloud_sync.TestObservationsWithToken" name="test_update_observation" time="0.453" /><testcase classname="backend.tests.test_cloud_sync.TestObservationsWithToken" name="test_delete_observation" time="0.478" /><testcase classname="backend.tests.test_cloud_sync.TestCoachRoleEndpoints" name="test_coach_dashboard_endpoint" time="0.365" /><testcase classname="backend.tests.test_cloud_sync.TestCoachRoleEndpoints" name="test_coach_sessions_endpoint" time="0.362" /><testcase classname="backend.tests.test_cloud_sync.TestAuthMe" name="test_auth_me_with_valid_token" time="0.364" /><testcase classname="backend.tests.test_cloud_sync.TestAuthMe" name="test_auth_me_without_token" time="0.034" /><testcase classname="backend.tests.test_cloud_sync.TestCleanup" name="test_cleanup_test_sessions" time="0.326" /></testsuite></testsuites>