<?xml version="1.0" encoding="utf-8"?><testsuites name="pytest tests"><testsuite name="pytest" errors="0" failures="0" skipped="0" tests="10" time="2.467" timestamp="2026-02-12T10:55:32.926669+00:00" hostname="agent-env-fe9ed038-fce5-44de-9307-5d1b072d1122"><testcase classname="backend.tests.test_coach_sessions_fix.TestLoginFunctionality" name="test_login_coach_developer" time="0.287" /><testcase classname="backend.tests.test_coach_sessions_fix.TestLoginFunctionality" name="test_login_invalid_credentials" time="0.045" /><testcase classname="backend.tests.test_coach_sessions_fix.TestCoachSessionsEndpoint" name="test_get_coach_sessions_endpoint_exists" time="0.312" /><testcase classname="backend.tests.test_coach_sessions_fix.TestCoachSessionsEndpoint" name="test_get_coach_sessions_returns_correct_fields" time="0.314" /><testcase classname="backend.tests.test_coach_sessions_fix.TestCoachSessionsEndpoint" name="test_get_coach_sessions_invalid_coach" time="0.273" /><testcase classname="backend.tests.test_coach_sessions_fix.TestCoachSessionsEndpoint" name="test_get_coach_sessions_unauthorized" time="0.037" /><testcase classname="backend.tests.test_coach_sessions_fix.TestCoachProfileEndpoint" name="test_get_coach_profile" time="0.278" /><testcase classname="backend.tests.test_coach_sessions_fix.TestCoachProfileEndpoint" name="test_list_all_coaches" time="0.269" /><testcase classname="backend.tests.test_coach_sessions_fix.TestObservationSessionsAPI" name="test_get_observations_list" time="0.306" /><testcase classname="backend.tests.test_coach_sessions_fix.TestObservationSessionsAPI" name="test_create_observation_session_with_null_fields" time="0.291" /></testsuite></testsuites>