<?xml version="1.0" encoding="utf-8"?><testsuites name="pytest tests"><testsuite name="pytest" errors="0" failures="0" skipped="0" tests="10" time="2.582" timestamp="2026-02-20T15:42:01.353145+00:00" hostname="agent-env-3330a50a-2736-47a9-85f6-7a24dc8cee21"><testcase classname="backend.tests.test_coach_development_tab.TestCoachAnalyticsEndpoint" name="test_analytics_endpoint_returns_200" time="0.671" /><testcase classname="backend.tests.test_coach_development_tab.TestCoachAnalyticsEndpoint" name="test_analytics_response_structure" time="0.153" /><testcase classname="backend.tests.test_coach_development_tab.TestCoachAnalyticsEndpoint" name="test_analytics_data_types" time="0.160" /><testcase classname="backend.tests.test_coach_development_tab.TestCoachAnalyticsEndpoint" name="test_analytics_intervention_chart_data_structure" time="0.113" /><testcase classname="backend.tests.test_coach_development_tab.TestCoachAnalyticsEndpoint" name="test_analytics_most_common_pattern" time="0.138" /><testcase classname="backend.tests.test_coach_development_tab.TestCoachAnalyticsEndpoint" name="test_analytics_values_are_reasonable" time="0.247" /><testcase classname="backend.tests.test_coach_development_tab.TestCoachAnalyticsEndpoint" name="test_analytics_requires_authentication" time="0.103" /><testcase classname="backend.tests.test_coach_development_tab.TestCoachAnalyticsEndpoint" name="test_analytics_nonexistent_coach_returns_404" time="0.473" /><testcase classname="backend.tests.test_coach_development_tab.TestCoachEndpoints" name="test_get_coach_detail" time="0.399" /><testcase classname="backend.tests.test_coach_development_tab.TestCoachEndpoints" name="test_get_coach_sessions" time="0.060" /></testsuite></testsuites>