<?xml version="1.0" encoding="utf-8"?><testsuites name="pytest tests"><testsuite name="pytest" errors="0" failures="0" skipped="0" tests="6" time="23.109" timestamp="2026-02-12T12:34:11.420918+00:00" hostname="agent-env-96af93e3-aebb-45c9-903c-e81377c926e5"><testcase classname="backend.tests.test_coach_targets_summary.TestCoachTargetsSummaryIntegration" name="test_get_coach_with_targets" time="0.340" /><testcase classname="backend.tests.test_coach_targets_summary.TestCoachTargetsSummaryIntegration" name="test_generate_summary_with_coach_targets" time="6.015" /><testcase classname="backend.tests.test_coach_targets_summary.TestCoachTargetsSummaryIntegration" name="test_generate_summary_without_targets" time="5.366" /><testcase classname="backend.tests.test_coach_targets_summary.TestCoachTargetsSummaryIntegration" name="test_generate_summary_empty_targets" time="5.108" /><testcase classname="backend.tests.test_coach_targets_summary.TestCoachTargetsSummaryIntegration" name="test_summary_word_count_approximately_150" time="6.208" /><testcase classname="backend.tests.test_coach_targets_summary.TestCoachTargetsSummaryIntegration" name="test_get_session_has_coach_id" time="0.015" /></testsuite></testsuites>