<?xml version="1.0" encoding="utf-8"?><testsuites name="pytest tests"><testsuite name="pytest" errors="0" failures="0" skipped="0" tests="17" time="3.833" timestamp="2026-02-23T15:54:12.378195+00:00" hostname="agent-env-b98fdcc0-9cbb-49fd-a5c5-554a4d22a5fe"><testcase classname="backend.tests.test_coach_notes.TestCoachNotesAPI" name="test_coach_developer_can_get_notes" time="0.675" /><testcase classname="backend.tests.test_coach_notes.TestCoachNotesAPI" name="test_coach_can_get_own_notes" time="0.465" /><testcase classname="backend.tests.test_coach_notes.TestCoachNotesAPI" name="test_coach_developer_can_add_shared_note" time="0.165" /><testcase classname="backend.tests.test_coach_notes.TestCoachNotesAPI" name="test_coach_developer_can_add_private_note" time="0.147" /><testcase classname="backend.tests.test_coach_notes.TestCoachNotesAPI" name="test_coach_can_add_own_note" time="0.101" /><testcase classname="backend.tests.test_coach_notes.TestCoachNotesAPI" name="test_coach_cannot_see_private_notes_from_developer" time="0.327" /><testcase classname="backend.tests.test_coach_notes.TestCoachNotesAPI" name="test_coach_can_see_shared_notes" time="0.095" /><testcase classname="backend.tests.test_coach_notes.TestCoachNotesAPI" name="test_coach_developer_sees_all_notes" time="0.098" /><testcase classname="backend.tests.test_coach_notes.TestCoachNotesAPI" name="test_coach_developer_can_update_own_note" time="0.108" /><testcase classname="backend.tests.test_coach_notes.TestCoachNotesAPI" name="test_coach_developer_can_toggle_privacy" time="0.234" /><testcase classname="backend.tests.test_coach_notes.TestCoachNotesAPI" name="test_coach_cannot_update_developer_note" time="0.213" /><testcase classname="backend.tests.test_coach_notes.TestCoachNotesAPI" name="test_coach_cannot_delete_developer_note" time="0.162" /><testcase classname="backend.tests.test_coach_notes.TestCoachNotesAPI" name="test_coach_can_delete_own_note" time="0.153" /><testcase classname="backend.tests.test_coach_notes.TestCoachNotesAPI" name="test_cleanup_test_notes" time="0.317" /><testcase classname="backend.tests.test_coach_notes.TestCoachNotesAPI" name="test_unauthenticated_cannot_access_notes" time="0.274" /><testcase classname="backend.tests.test_coach_notes.TestCoachNotesAPI" name="test_coach_cannot_access_other_coach_notes" time="0.075" /><testcase classname="backend.tests.test_coach_notes.TestCoachNotesAPI" name="test_note_has_required_fields" time="0.153" /></testsuite></testsuites>