<?xml version="1.0" encoding="utf-8"?><testsuites name="pytest tests"><testsuite name="pytest" errors="0" failures="1" skipped="0" tests="10" time="1.642" timestamp="2026-02-20T15:41:47.931449+00:00" hostname="agent-env-3330a50a-2736-47a9-85f6-7a24dc8cee21"><testcase classname="backend.tests.test_coach_development_tab.TestCoachAnalyticsEndpoint" name="test_analytics_endpoint_returns_200" time="0.495" /><testcase classname="backend.tests.test_coach_development_tab.TestCoachAnalyticsEndpoint" name="test_analytics_response_structure" time="0.102" /><testcase classname="backend.tests.test_coach_development_tab.TestCoachAnalyticsEndpoint" name="test_analytics_data_types" time="0.090" /><testcase classname="backend.tests.test_coach_development_tab.TestCoachAnalyticsEndpoint" name="test_analytics_intervention_chart_data_structure" time="0.063" /><testcase classname="backend.tests.test_coach_development_tab.TestCoachAnalyticsEndpoint" name="test_analytics_most_common_pattern" time="0.055" /><testcase classname="backend.tests.test_coach_development_tab.TestCoachAnalyticsEndpoint" name="test_analytics_values_are_reasonable" time="0.072" /><testcase classname="backend.tests.test_coach_development_tab.TestCoachAnalyticsEndpoint" name="test_analytics_requires_authentication" time="0.054" /><testcase classname="backend.tests.test_coach_development_tab.TestCoachAnalyticsEndpoint" name="test_analytics_nonexistent_coach_returns_404" time="0.080"><failure message="AssertionError: Expected 404, got 401&#10;assert 401 == 404&#10; +  where 401 = &lt;Response [401]&gt;.status_code">backend/tests/test_coach_development_tab.py:165: in test_analytics_nonexistent_coach_returns_404
    assert response.status_code == 404, f"Expected 404, got {response.status_code}"
E   AssertionError: Expected 404, got 401
E   assert 401 == 404
E    +  where 401 = &lt;Response [401]&gt;.status_code</failure></testcase><testcase classname="backend.tests.test_coach_development_tab.TestCoachEndpoints" name="test_get_coach_detail" time="0.468" /><testcase classname="backend.tests.test_coach_development_tab.TestCoachEndpoints" name="test_get_coach_sessions" time="0.084" /></testsuite></testsuites>