<?xml version="1.0" encoding="utf-8"?><testsuites name="pytest tests"><testsuite name="pytest" errors="0" failures="0" skipped="0" tests="10" time="5.850" timestamp="2026-02-17T20:48:35.029400+00:00" hostname="agent-env-f187a462-fd1d-4319-99c2-21cbe4d9263c"><testcase classname="backend.tests.test_coach_features.TestCoachAuthentication" name="test_coach_login" time="0.448" /><testcase classname="backend.tests.test_coach_features.TestCoachAuthentication" name="test_coach_developer_login" time="0.337" /><testcase classname="backend.tests.test_coach_features.TestCoachSessionAccess" name="test_coach_can_access_assigned_session" time="0.526" /><testcase classname="backend.tests.test_coach_features.TestCoachSessionAccess" name="test_session_contains_observation_details" time="0.555" /><testcase classname="backend.tests.test_coach_features.TestCoachSessionAccess" name="test_session_contains_reflections_structure" time="0.506" /><testcase classname="backend.tests.test_coach_features.TestCoachDashboard" name="test_coach_dashboard_endpoint" time="1.002" /><testcase classname="backend.tests.test_coach_features.TestCoachDashboard" name="test_coach_sessions_endpoint" time="0.561" /><testcase classname="backend.tests.test_coach_features.TestCoachDashboard" name="test_pending_reflection_indicator" time="0.453" /><testcase classname="backend.tests.test_coach_features.TestCoachReflections" name="test_coach_can_add_reflection" time="0.771" /><testcase classname="backend.tests.test_coach_features.TestCoachAccessRestrictions" name="test_coach_cannot_access_other_session" time="0.637" /></testsuite></testsuites>