<?xml version="1.0" encoding="utf-8"?><testsuites name="pytest tests"><testsuite name="pytest" errors="0" failures="0" skipped="0" tests="7" time="4.178" timestamp="2026-02-25T07:28:12.015159+00:00" hostname="agent-env-e719f278-f4b8-42fd-85f9-512500288f2f"><testcase classname="backend.tests.test_coach_data_isolation.TestCoachDataIsolation" name="test_org_demo_sees_only_10_coaches" time="0.501" /><testcase classname="backend.tests.test_coach_data_isolation.TestCoachDataIsolation" name="test_org_4b76_sees_only_1_coach" time="0.444" /><testcase classname="backend.tests.test_coach_data_isolation.TestCoachDataIsolation" name="test_org_5f00_sees_zero_coaches" time="0.429" /><testcase classname="backend.tests.test_coach_data_isolation.TestCoachDataIsolation" name="test_cross_org_data_isolation" time="1.324" /><testcase classname="backend.tests.test_coach_data_isolation.TestCoachDataIsolation" name="test_coach_creation_sets_organization_id" time="0.935" /><testcase classname="backend.tests.test_coach_data_isolation.TestCoachEndpointAuth" name="test_coaches_endpoint_requires_auth" time="0.107" /><testcase classname="backend.tests.test_coach_data_isolation.TestCoachEndpointAuth" name="test_coaches_endpoint_requires_org" time="0.376" /></testsuite></testsuites>