<?xml version="1.0" encoding="utf-8"?><testsuites name="pytest tests"><testsuite name="pytest" errors="0" failures="3" skipped="1" tests="7" time="3.337" timestamp="2026-02-25T07:27:25.882587+00:00" hostname="agent-env-e719f278-f4b8-42fd-85f9-512500288f2f"><testcase classname="backend.tests.test_coach_data_isolation.TestCoachDataIsolation" name="test_org_demo_sees_only_10_coaches" time="0.515"><failure message="AssertionError: Expected org org_demo_0725dd5e668a, got None&#10;assert None == 'org_demo_0725dd5e668a'">backend/tests/test_coach_data_isolation.py:80: in test_org_demo_sees_only_10_coaches
    assert org_id == ORG_DEMO_CREDENTIALS["expected_org_id"], \
E   AssertionError: Expected org org_demo_0725dd5e668a, got None
E   assert None == 'org_demo_0725dd5e668a'</failure></testcase><testcase classname="backend.tests.test_coach_data_isolation.TestCoachDataIsolation" name="test_org_4b76_sees_only_1_coach" time="0.341"><failure message="AssertionError: Expected org org_4b76a7344640, got None&#10;assert None == 'org_4b76a7344640'">backend/tests/test_coach_data_isolation.py:119: in test_org_4b76_sees_only_1_coach
    assert org_id == ORG_4B76_CREDENTIALS["expected_org_id"], \
E   AssertionError: Expected org org_4b76a7344640, got None
E   assert None == 'org_4b76a7344640'</failure></testcase><testcase classname="backend.tests.test_coach_data_isolation.TestCoachDataIsolation" name="test_org_5f00_sees_zero_coaches" time="0.333"><failure message="AssertionError: Expected org org_5f00565686b5, got None&#10;assert None == 'org_5f00565686b5'">backend/tests/test_coach_data_isolation.py:149: in test_org_5f00_sees_zero_coaches
    assert org_id == ORG_5F00_CREDENTIALS["expected_org_id"], \
E   AssertionError: Expected org org_5f00565686b5, got None
E   assert None == 'org_5f00565686b5'</failure></testcase><testcase classname="backend.tests.test_coach_data_isolation.TestCoachDataIsolation" name="test_cross_org_data_isolation" time="1.150" /><testcase classname="backend.tests.test_coach_data_isolation.TestCoachDataIsolation" name="test_coach_creation_sets_organization_id" time="0.356"><skipped type="pytest.skip" message="User doesn't have coach_developer role">/app/backend/tests/test_coach_data_isolation.py:214: User doesn't have coach_developer role</skipped></testcase><testcase classname="backend.tests.test_coach_data_isolation.TestCoachEndpointAuth" name="test_coaches_endpoint_requires_auth" time="0.113" /><testcase classname="backend.tests.test_coach_data_isolation.TestCoachEndpointAuth" name="test_coaches_endpoint_requires_org" time="0.436" /></testsuite></testsuites>