<?xml version="1.0" encoding="utf-8"?><testsuites name="pytest tests"><testsuite name="pytest" errors="0" failures="0" skipped="0" tests="14" time="2.179" timestamp="2026-02-24T12:37:35.184731+00:00" hostname="agent-env-216f8120-6365-41ed-80a0-72032d3a298c"><testcase classname="backend.tests.test_default_templates.TestObservationTemplates" name="test_list_observation_templates_returns_two" time="0.546" /><testcase classname="backend.tests.test_default_templates.TestObservationTemplates" name="test_training_template_has_four_parts" time="0.097" /><testcase classname="backend.tests.test_default_templates.TestObservationTemplates" name="test_match_day_template_has_two_parts" time="0.103" /><testcase classname="backend.tests.test_default_templates.TestObservationTemplates" name="test_default_training_template_endpoint" time="0.147" /><testcase classname="backend.tests.test_default_templates.TestObservationTemplates" name="test_default_game_template_endpoint" time="0.110" /><testcase classname="backend.tests.test_default_templates.TestObservationTemplates" name="test_observation_templates_have_intervention_types" time="0.113" /><testcase classname="backend.tests.test_default_templates.TestObservationTemplates" name="test_observation_templates_have_descriptor_groups" time="0.141" /><testcase classname="backend.tests.test_default_templates.TestReflectionTemplates" name="test_list_reflection_templates_returns_two" time="0.106" /><testcase classname="backend.tests.test_default_templates.TestReflectionTemplates" name="test_coach_educator_reflection_has_five_questions" time="0.108" /><testcase classname="backend.tests.test_default_templates.TestReflectionTemplates" name="test_coach_reflection_has_three_questions" time="0.100" /><testcase classname="backend.tests.test_default_templates.TestReflectionTemplates" name="test_coach_educator_reflection_questions_content" time="0.108" /><testcase classname="backend.tests.test_default_templates.TestReflectionTemplates" name="test_coach_reflection_questions_content" time="0.148" /><testcase classname="backend.tests.test_default_templates.TestTemplateDefaults" name="test_observation_templates_are_default" time="0.138" /><testcase classname="backend.tests.test_default_templates.TestTemplateDefaults" name="test_reflection_templates_are_default" time="0.131" /></testsuite></testsuites>