<?xml version="1.0" encoding="utf-8"?><testsuites name="pytest tests"><testsuite name="pytest" errors="0" failures="0" skipped="0" tests="9" time="5.337" timestamp="2026-03-04T19:49:56.514403+00:00" hostname="agent-env-5e97de79-ae1a-4748-8caf-4731b6ba022c"><testcase classname="backend.tests.test_demo_subscriptions.TestDemoSubscriptions" name="test_coach_developer_login" time="0.460" /><testcase classname="backend.tests.test_demo_subscriptions.TestDemoSubscriptions" name="test_coach_developer_entitlement" time="0.571" /><testcase classname="backend.tests.test_demo_subscriptions.TestDemoSubscriptions" name="test_individual_coach_login" time="0.395" /><testcase classname="backend.tests.test_demo_subscriptions.TestDemoSubscriptions" name="test_individual_coach_entitlement" time="0.503" /><testcase classname="backend.tests.test_demo_subscriptions.TestDemoSubscriptions" name="test_riverside_sarah_mitchell_login" time="0.353" /><testcase classname="backend.tests.test_demo_subscriptions.TestDemoSubscriptions" name="test_riverside_sarah_mitchell_entitlement" time="0.472" /><testcase classname="backend.tests.test_demo_subscriptions.TestDemoSubscriptions" name="test_coach_developer_tier" time="1.494" /><testcase classname="backend.tests.test_demo_subscriptions.TestDemoSubscriptions" name="test_individual_coach_tier" time="0.508" /><testcase classname="backend.tests.test_demo_subscriptions.TestDemoSubscriptions" name="test_riverside_club_tier" time="0.520" /></testsuite></testsuites>