<?xml version="1.0" encoding="utf-8"?><testsuites name="pytest tests"><testsuite name="pytest" errors="0" failures="0" skipped="0" tests="12" time="5.464" timestamp="2026-02-24T15:00:19.621239+00:00" hostname="agent-env-216f8120-6365-41ed-80a0-72032d3a298c"><testcase classname="backend.tests.test_observation_templates.TestObservationTemplates" name="test_list_observation_templates" time="0.642" /><testcase classname="backend.tests.test_observation_templates.TestObservationTemplates" name="test_training_template_has_4_parts" time="0.179" /><testcase classname="backend.tests.test_observation_templates.TestObservationTemplates" name="test_match_day_template_has_2_parts" time="0.316" /><testcase classname="backend.tests.test_observation_templates.TestObservationTemplates" name="test_get_template_by_id" time="0.381" /><testcase classname="backend.tests.test_observation_templates.TestObservationTemplates" name="test_get_default_training_template" time="0.157" /><testcase classname="backend.tests.test_observation_templates.TestObservationTemplates" name="test_get_default_game_template" time="0.165" /><testcase classname="backend.tests.test_observation_templates.TestObservationTemplates" name="test_update_session_part_name" time="0.846" /><testcase classname="backend.tests.test_observation_templates.TestObservationTemplates" name="test_create_new_template" time="0.593" /><testcase classname="backend.tests.test_observation_templates.TestObservationTemplates" name="test_delete_non_default_template" time="0.843" /><testcase classname="backend.tests.test_observation_templates.TestObservationTemplates" name="test_templates_are_isolated" time="0.236" /><testcase classname="backend.tests.test_observation_templates.TestSessionSetupTemplateIntegration" name="test_selecting_training_template_provides_4_parts" time="0.594" /><testcase classname="backend.tests.test_observation_templates.TestSessionSetupTemplateIntegration" name="test_selecting_match_day_template_provides_2_halves" time="0.438" /></testsuite></testsuites>