<?xml version="1.0" encoding="utf-8"?><testsuites name="pytest tests"><testsuite name="pytest" errors="0" failures="3" skipped="0" tests="12" time="3.195" timestamp="2026-02-24T14:59:54.451216+00:00" hostname="agent-env-216f8120-6365-41ed-80a0-72032d3a298c"><testcase classname="backend.tests.test_observation_templates.TestObservationTemplates" name="test_list_observation_templates" time="0.526" /><testcase classname="backend.tests.test_observation_templates.TestObservationTemplates" name="test_training_template_has_4_parts" time="0.183" /><testcase classname="backend.tests.test_observation_templates.TestObservationTemplates" name="test_match_day_template_has_2_parts" time="0.169" /><testcase classname="backend.tests.test_observation_templates.TestObservationTemplates" name="test_get_template_by_id" time="0.231" /><testcase classname="backend.tests.test_observation_templates.TestObservationTemplates" name="test_get_default_training_template" time="0.147" /><testcase classname="backend.tests.test_observation_templates.TestObservationTemplates" name="test_get_default_game_template" time="0.144" /><testcase classname="backend.tests.test_observation_templates.TestObservationTemplates" name="test_update_session_part_name" time="0.589" /><testcase classname="backend.tests.test_observation_templates.TestObservationTemplates" name="test_create_new_template" time="0.114"><failure message="AssertionError: Failed to create template: {&quot;template_id&quot;:&quot;obs_tmpl_6c68a1daf116&quot;,&quot;name&quot;:&quot;TEST_Custom Training&quot;,&quot;description&quot;:&quot;Test template for pytest&quot;,&quot;observation_context&quot;:&quot;training&quot;,&quot;intervention_types&quot;:[{&quot;id&quot;:&quot;test_event&quot;,&quot;name&quot;:&quot;Test Event&quot;,&quot;color&quot;:&quot;yellow&quot;}],&quot;descriptor_group1&quot;:{&quot;id&quot;:&quot;test_group1&quot;,&quot;name&quot;:&quot;Test Group 1&quot;,&quot;color&quot;:&quot;blue&quot;,&quot;descriptors&quot;:[{&quot;id&quot;:&quot;test_desc&quot;,&quot;name&quot;:&quot;Test&quot;}]},&quot;descriptor_group2&quot;:{&quot;id&quot;:&quot;test_group2&quot;,&quot;name&quot;:&quot;Test Group 2&quot;,&quot;color&quot;:&quot;green&quot;,&quot;descriptors&quot;:[]},&quot;session_parts&quot;:[{&quot;id&quot;:&quot;custom_part1&quot;,&quot;name&quot;:&quot;Custom Part 1&quot;,&quot;order&quot;:0,&quot;isDefault&quot;:false},{&quot;id&quot;:&quot;custom_part2&quot;,&quot;name&quot;:&quot;Custom Part 2&quot;,&quot;order&quot;:1,&quot;isDefault&quot;:false}],&quot;is_default&quot;:false,&quot;created_by&quot;:&quot;admin_a01052935582&quot;,&quot;organization_id&quot;:&quot;org_5f00565686b5&quot;,&quot;created_at&quot;:&quot;2026-02-24T14:59:56.605551+00:00&quot;,&quot;updated_at&quot;:&quot;2026-02-24T14:59:56.605551+00:00&quot;}&#10;assert 200 == 201&#10; +  where 200 = &lt;Response [200]&gt;.status_code">backend/tests/test_observation_templates.py:186: in test_create_new_template
    assert response.status_code == 201, f"Failed to create template: {response.text}"
E   AssertionError: Failed to create template: {"template_id":"obs_tmpl_6c68a1daf116","name":"TEST_Custom Training","description":"Test template for pytest","observation_context":"training","intervention_types":[{"id":"test_event","name":"Test Event","color":"yellow"}],"descriptor_group1":{"id":"test_group1","name":"Test Group 1","color":"blue","descriptors":[{"id":"test_desc","name":"Test"}]},"descriptor_group2":{"id":"test_group2","name":"Test Group 2","color":"green","descriptors":[]},"session_parts":[{"id":"custom_part1","name":"Custom Part 1","order":0,"isDefault":false},{"id":"custom_part2","name":"Custom Part 2","order":1,"isDefault":false}],"is_default":false,"created_by":"admin_a01052935582","organization_id":"org_5f00565686b5","created_at":"2026-02-24T14:59:56.605551+00:00","updated_at":"2026-02-24T14:59:56.605551+00:00"}
E   assert 200 == 201
E    +  where 200 = &lt;Response [200]&gt;.status_code</failure></testcase><testcase classname="backend.tests.test_observation_templates.TestObservationTemplates" name="test_delete_non_default_template" time="0.138"><failure message="assert 200 == 201&#10; +  where 200 = &lt;Response [200]&gt;.status_code">backend/tests/test_observation_templates.py:216: in test_delete_non_default_template
    assert create_response.status_code == 201
E   assert 200 == 201
E    +  where 200 = &lt;Response [200]&gt;.status_code</failure></testcase><testcase classname="backend.tests.test_observation_templates.TestObservationTemplates" name="test_templates_are_isolated" time="0.159"><failure message="AssertionError: assert 2 == 4&#10; +  where 2 = len(['Custom Part 1', 'Custom Part 2'])">backend/tests/test_observation_templates.py:246: in test_templates_are_isolated
    assert len(training_parts) == 4
E   AssertionError: assert 2 == 4
E    +  where 2 = len(['Custom Part 1', 'Custom Part 2'])</failure></testcase><testcase classname="backend.tests.test_observation_templates.TestSessionSetupTemplateIntegration" name="test_selecting_training_template_provides_4_parts" time="0.569" /><testcase classname="backend.tests.test_observation_templates.TestSessionSetupTemplateIntegration" name="test_selecting_match_day_template_provides_2_halves" time="0.126" /></testsuite></testsuites>