<?xml version="1.0" encoding="utf-8"?><testsuites name="pytest tests"><testsuite name="pytest" errors="0" failures="0" skipped="0" tests="13" time="5.856" timestamp="2026-02-17T21:41:59.581432+00:00" hostname="agent-env-ae1228e1-1313-4ea6-bcbc-b1e631a98e1c"><testcase classname="tests.test_p0_p1_features.TestAuthRoutes" name="test_auth_login_coach_success" time="0.442" /><testcase classname="tests.test_p0_p1_features.TestAuthRoutes" name="test_auth_login_admin_success" time="0.376" /><testcase classname="tests.test_p0_p1_features.TestAuthRoutes" name="test_auth_me_with_cookie" time="0.580" /><testcase classname="tests.test_p0_p1_features.TestAuthRoutes" name="test_auth_me_without_token" time="0.292" /><testcase classname="tests.test_p0_p1_features.TestCoachesRoutes" name="test_coaches_list_with_auth" time="0.551" /><testcase classname="tests.test_p0_p1_features.TestCoachesRoutes" name="test_coaches_list_unauthorized" time="0.135" /><testcase classname="tests.test_p0_p1_features.TestCoachesRoutes" name="test_coaches_list_forbidden_for_coach" time="0.492" /><testcase classname="tests.test_p0_p1_features.TestCoachDashboard" name="test_coach_dashboard_has_pending_reflection" time="0.585" /><testcase classname="tests.test_p0_p1_features.TestCoachDashboard" name="test_coach_dashboard_has_profile_with_targets" time="0.669" /><testcase classname="tests.test_p0_p1_features.TestCoachDashboard" name="test_coach_sessions_has_reflection_status" time="0.637" /><testcase classname="tests.test_p0_p1_features.TestCoachDashboard" name="test_coach_analytics_returns_data" time="0.755" /><testcase classname="tests.test_p0_p1_features.TestHealthCheck" name="test_api_root" time="0.152" /><testcase classname="tests.test_p0_p1_features.TestHealthCheck" name="test_config_check" time="0.124" /></testsuite></testsuites>