<?xml version="1.0" encoding="utf-8"?><testsuites name="pytest tests"><testsuite name="pytest" errors="0" failures="0" skipped="0" tests="28" time="0.507" timestamp="2026-03-04T19:03:36.301477+00:00" hostname="agent-env-f7f528ec-c7a7-4ad6-ac8e-d2c125325572"><testcase classname="backend.tests.test_phase4_observation_flow.TestLimitsSummaryAPI" name="test_limits_summary_returns_200" time="0.232" /><testcase classname="backend.tests.test_phase4_observation_flow.TestLimitsSummaryAPI" name="test_limits_summary_has_tier_info" time="0.004" /><testcase classname="backend.tests.test_phase4_observation_flow.TestLimitsSummaryAPI" name="test_limits_summary_has_coach_limits" time="0.004" /><testcase classname="backend.tests.test_phase4_observation_flow.TestLimitsSummaryAPI" name="test_limits_summary_has_observation_limits" time="0.003" /><testcase classname="backend.tests.test_phase4_observation_flow.TestLimitsSummaryAPI" name="test_limits_summary_coach_developer_tier_has_10_observations" time="0.004" /><testcase classname="backend.tests.test_phase4_observation_flow.TestBatchObservationLimitAPI" name="test_batch_endpoint_returns_200_with_empty_list" time="0.002" /><testcase classname="backend.tests.test_phase4_observation_flow.TestBatchObservationLimitAPI" name="test_batch_endpoint_returns_dict" time="0.002" /><testcase classname="backend.tests.test_phase4_observation_flow.TestBatchObservationLimitAPI" name="test_batch_endpoint_with_coach_ids" time="0.047" /><testcase classname="backend.tests.test_phase4_observation_flow.TestBatchObservationLimitAPI" name="test_batch_endpoint_status_structure" time="0.048" /><testcase classname="backend.tests.test_phase4_observation_flow.TestSingleCoachObservationLimitAPI" name="test_single_coach_endpoint_returns_200" time="0.048" /><testcase classname="backend.tests.test_phase4_observation_flow.TestSingleCoachObservationLimitAPI" name="test_single_coach_endpoint_response_structure" time="0.047" /><testcase classname="backend.tests.test_phase4_observation_flow.TestAPIAuthentication" name="test_limits_summary_requires_auth" time="0.002" /><testcase classname="backend.tests.test_phase4_observation_flow.TestAPIAuthentication" name="test_batch_endpoint_requires_auth" time="0.001" /><testcase classname="backend.tests.test_phase4_observation_flow.TestAPIAuthentication" name="test_single_coach_endpoint_requires_auth" time="0.001" /><testcase classname="backend.tests.test_phase3_observation_limits.TestObservationLimitConfig" name="test_individual_coach_has_unlimited_observations" time="0.000" /><testcase classname="backend.tests.test_phase3_observation_limits.TestObservationLimitConfig" name="test_coach_developer_has_10_observations_limit" time="0.000" /><testcase classname="backend.tests.test_phase3_observation_limits.TestObservationLimitConfig" name="test_club_has_unlimited_observations" time="0.000" /><testcase classname="backend.tests.test_phase3_observation_limits.TestObservationLimitLogic" name="test_can_observe_when_below_limit" time="0.000" /><testcase classname="backend.tests.test_phase3_observation_limits.TestObservationLimitLogic" name="test_cannot_observe_when_at_limit" time="0.000" /><testcase classname="backend.tests.test_phase3_observation_limits.TestObservationLimitLogic" name="test_unlimited_always_allows_observation" time="0.000" /><testcase classname="backend.tests.test_phase3_observation_limits.TestTierLimitsStructure" name="test_all_tiers_have_observation_limit_field" time="0.000" /><testcase classname="backend.tests.test_phase3_observation_limits.TestTierLimitsStructure" name="test_all_tiers_have_coach_developers_limit" time="0.000" /><testcase classname="backend.tests.test_phase3_observation_limits.TestTierLimitsStructure" name="test_all_tiers_have_coaches_limit" time="0.000" /><testcase classname="backend.tests.test_phase3_observation_limits.TestLimitEnforcementBehavior" name="test_limit_only_checked_on_completion" time="0.000" /><testcase classname="backend.tests.test_phase3_observation_limits.TestLimitEnforcementBehavior" name="test_already_completed_sessions_not_recounted" time="0.000" /><testcase classname="backend.tests.test_phase3_observation_limits.TestLimitEnforcementBehavior" name="test_draft_to_completed_triggers_check" time="0.000" /><testcase classname="backend.tests.test_phase3_observation_limits.TestLimitMessages" name="test_limit_reached_message_format" time="0.000" /><testcase classname="backend.tests.test_phase3_observation_limits.TestLimitMessages" name="test_no_message_when_allowed" time="0.000" /></testsuite></testsuites>