<?xml version="1.0" encoding="utf-8"?><testsuites name="pytest tests"><testsuite name="pytest" errors="0" failures="0" skipped="0" tests="5" time="3.194" timestamp="2026-02-14T00:13:58.462688+00:00" hostname="agent-env-85250904-e21a-4206-b245-661fb9e583d8"><testcase classname="tests.test_phase4.TestReflectionTemplatesAPI" name="test_get_reflection_templates" time="0.553" /><testcase classname="tests.test_phase4.TestReflectionTemplatesAPI" name="test_reflection_template_has_questions" time="0.483" /><testcase classname="tests.test_phase4.TestCoachInfoWithTargets" name="test_get_coach_joe_morrissey_with_targets" time="0.824" /><testcase classname="tests.test_phase4.TestSessionWithObserverNotes" name="test_session_has_observer_notes_field" time="0.596" /><testcase classname="tests.test_phase4.TestSessionReflection" name="test_session_can_store_reflection_data" time="0.681" /></testsuite></testsuites>