<?xml version="1.0" encoding="utf-8"?><testsuites name="pytest tests"><testsuite name="pytest" errors="0" failures="17" skipped="0" tests="25" time="3.991" timestamp="2026-02-17T22:11:56.245173+00:00" hostname="agent-env-ae1228e1-1313-4ea6-bcbc-b1e631a98e1c"><testcase classname="tests.test_backend_refactoring.TestAuthRoutes" name="test_login_admin_success" time="0.603" /><testcase classname="tests.test_backend_refactoring.TestAuthRoutes" name="test_login_coach_success" time="0.299" /><testcase classname="tests.test_backend_refactoring.TestAuthRoutes" name="test_login_invalid_credentials" time="0.079" /><testcase classname="tests.test_backend_refactoring.TestAuthRoutes" name="test_auth_me_with_token" time="0.499"><failure message="assert 401 == 200&#10; +  where 401 = &lt;Response [401]&gt;.status_code">tests/test_backend_refactoring.py:130: in test_auth_me_with_token
    assert response.status_code == 200
E   assert 401 == 200
E    +  where 401 = &lt;Response [401]&gt;.status_code</failure></testcase><testcase classname="tests.test_backend_refactoring.TestAuthRoutes" name="test_auth_me_without_token" time="0.092"><failure message="assert 200 == 401&#10; +  where 200 = &lt;Response [200]&gt;.status_code">tests/test_backend_refactoring.py:141: in test_auth_me_without_token
    assert response.status_code == 401
E   assert 200 == 401
E    +  where 200 = &lt;Response [200]&gt;.status_code</failure></testcase><testcase classname="tests.test_backend_refactoring.TestUsersRoutes" name="test_list_users_admin" time="0.079"><failure message="assert 401 == 200&#10; +  where 401 = &lt;Response [401]&gt;.status_code">tests/test_backend_refactoring.py:153: in test_list_users_admin
    assert response.status_code == 200
E   assert 401 == 200
E    +  where 401 = &lt;Response [401]&gt;.status_code</failure></testcase><testcase classname="tests.test_backend_refactoring.TestUsersRoutes" name="test_list_users_unauthenticated" time="0.141"><failure message="assert 200 == 401&#10; +  where 200 = &lt;Response [200]&gt;.status_code">tests/test_backend_refactoring.py:170: in test_list_users_unauthenticated
    assert response.status_code == 401
E   assert 200 == 401
E    +  where 200 = &lt;Response [200]&gt;.status_code</failure></testcase><testcase classname="tests.test_backend_refactoring.TestUsersRoutes" name="test_list_users_coach_forbidden" time="0.533"><failure message="assert 401 == 403&#10; +  where 401 = &lt;Response [401]&gt;.status_code">tests/test_backend_refactoring.py:178: in test_list_users_coach_forbidden
    assert response.status_code == 403
E   assert 401 == 403
E    +  where 401 = &lt;Response [401]&gt;.status_code</failure></testcase><testcase classname="tests.test_backend_refactoring.TestCoachesRoutes" name="test_list_coaches_admin" time="0.086"><failure message="assert 401 == 200&#10; +  where 401 = &lt;Response [401]&gt;.status_code">tests/test_backend_refactoring.py:190: in test_list_coaches_admin
    assert response.status_code == 200
E   assert 401 == 200
E    +  where 401 = &lt;Response [401]&gt;.status_code</failure></testcase><testcase classname="tests.test_backend_refactoring.TestCoachesRoutes" name="test_list_coaches_unauthenticated" time="0.056"><failure message="assert 403 == 401&#10; +  where 403 = &lt;Response [403]&gt;.status_code">tests/test_backend_refactoring.py:207: in test_list_coaches_unauthenticated
    assert response.status_code == 401
E   assert 403 == 401
E    +  where 403 = &lt;Response [403]&gt;.status_code</failure></testcase><testcase classname="tests.test_backend_refactoring.TestCoachesRoutes" name="test_list_coaches_coach_forbidden" time="0.127"><failure message="assert 401 == 403&#10; +  where 401 = &lt;Response [401]&gt;.status_code">tests/test_backend_refactoring.py:215: in test_list_coaches_coach_forbidden
    assert response.status_code == 403
E   assert 401 == 403
E    +  where 401 = &lt;Response [401]&gt;.status_code</failure></testcase><testcase classname="tests.test_backend_refactoring.TestInvitesRoutes" name="test_list_invites_admin" time="0.067"><failure message="assert 401 == 200&#10; +  where 401 = &lt;Response [401]&gt;.status_code">tests/test_backend_refactoring.py:227: in test_list_invites_admin
    assert response.status_code == 200
E   assert 401 == 200
E    +  where 401 = &lt;Response [401]&gt;.status_code</failure></testcase><testcase classname="tests.test_backend_refactoring.TestInvitesRoutes" name="test_list_invites_unauthenticated" time="0.064"><failure message="assert 403 == 401&#10; +  where 403 = &lt;Response [403]&gt;.status_code">tests/test_backend_refactoring.py:236: in test_list_invites_unauthenticated
    assert response.status_code == 401
E   assert 403 == 401
E    +  where 403 = &lt;Response [403]&gt;.status_code</failure></testcase><testcase classname="tests.test_backend_refactoring.TestInvitesRoutes" name="test_list_invites_coach_forbidden" time="0.081"><failure message="assert 401 == 403&#10; +  where 401 = &lt;Response [401]&gt;.status_code">tests/test_backend_refactoring.py:244: in test_list_invites_coach_forbidden
    assert response.status_code == 403
E   assert 401 == 403
E    +  where 401 = &lt;Response [401]&gt;.status_code</failure></testcase><testcase classname="tests.test_backend_refactoring.TestInvitesRoutes" name="test_validate_invalid_invite" time="0.054" /><testcase classname="tests.test_backend_refactoring.TestObservationsRoutes" name="test_list_observations_admin" time="0.068"><failure message="assert 401 == 200&#10; +  where 401 = &lt;Response [401]&gt;.status_code">tests/test_backend_refactoring.py:265: in test_list_observations_admin
    assert response.status_code == 200
E   assert 401 == 200
E    +  where 401 = &lt;Response [401]&gt;.status_code</failure></testcase><testcase classname="tests.test_backend_refactoring.TestObservationsRoutes" name="test_list_observations_unauthenticated" time="0.076"><failure message="assert 403 == 401&#10; +  where 403 = &lt;Response [403]&gt;.status_code">tests/test_backend_refactoring.py:281: in test_list_observations_unauthenticated
    assert response.status_code == 401
E   assert 403 == 401
E    +  where 403 = &lt;Response [403]&gt;.status_code</failure></testcase><testcase classname="tests.test_backend_refactoring.TestObservationsRoutes" name="test_list_observations_coach_forbidden" time="0.092"><failure message="assert 401 == 403&#10; +  where 401 = &lt;Response [401]&gt;.status_code">tests/test_backend_refactoring.py:289: in test_list_observations_coach_forbidden
    assert response.status_code == 403
E   assert 401 == 403
E    +  where 401 = &lt;Response [401]&gt;.status_code</failure></testcase><testcase classname="tests.test_backend_refactoring.TestOrganizationRoutes" name="test_get_organization_admin" time="0.093"><failure message="assert 401 == 200&#10; +  where 401 = &lt;Response [401]&gt;.status_code">tests/test_backend_refactoring.py:301: in test_get_organization_admin
    assert response.status_code == 200
E   assert 401 == 200
E    +  where 401 = &lt;Response [401]&gt;.status_code</failure></testcase><testcase classname="tests.test_backend_refactoring.TestOrganizationRoutes" name="test_get_organization_unauthenticated" time="0.055"><failure message="assert 200 == 401&#10; +  where 200 = &lt;Response [200]&gt;.status_code">tests/test_backend_refactoring.py:311: in test_get_organization_unauthenticated
    assert response.status_code == 401
E   assert 200 == 401
E    +  where 200 = &lt;Response [200]&gt;.status_code</failure></testcase><testcase classname="tests.test_backend_refactoring.TestOrganizationRoutes" name="test_get_organization_coach" time="0.184"><failure message="assert 401 == 200&#10; +  where 401 = &lt;Response [401]&gt;.status_code">tests/test_backend_refactoring.py:320: in test_get_organization_coach
    assert response.status_code == 200
E   assert 401 == 200
E    +  where 401 = &lt;Response [401]&gt;.status_code</failure></testcase><testcase classname="tests.test_backend_refactoring.TestCoachDashboard" name="test_coach_dashboard_access" time="0.112" /><testcase classname="tests.test_backend_refactoring.TestCoachDashboard" name="test_coach_sessions" time="0.132" /><testcase classname="tests.test_backend_refactoring.TestAPIRootAndHealth" name="test_api_root" time="0.052" /><testcase classname="tests.test_backend_refactoring.TestAPIRootAndHealth" name="test_config_check" time="0.083" /></testsuite></testsuites>