<?xml version="1.0" encoding="utf-8"?><testsuites name="pytest tests"><testsuite name="pytest" errors="0" failures="6" skipped="0" tests="25" time="3.569" timestamp="2026-02-17T22:12:27.144439+00:00" hostname="agent-env-ae1228e1-1313-4ea6-bcbc-b1e631a98e1c"><testcase classname="tests.test_backend_refactoring.TestAuthRoutes" name="test_login_admin_success" time="0.390" /><testcase classname="tests.test_backend_refactoring.TestAuthRoutes" name="test_login_coach_success" time="0.290" /><testcase classname="tests.test_backend_refactoring.TestAuthRoutes" name="test_login_invalid_credentials" time="0.061" /><testcase classname="tests.test_backend_refactoring.TestAuthRoutes" name="test_auth_me_with_token" time="0.446" /><testcase classname="tests.test_backend_refactoring.TestAuthRoutes" name="test_auth_me_without_token" time="0.068"><failure message="assert 200 == 401&#10; +  where 200 = &lt;Response [200]&gt;.status_code">tests/test_backend_refactoring.py:141: in test_auth_me_without_token
    assert response.status_code == 401
E   assert 200 == 401
E    +  where 200 = &lt;Response [200]&gt;.status_code</failure></testcase><testcase classname="tests.test_backend_refactoring.TestUsersRoutes" name="test_list_users_admin" time="0.119" /><testcase classname="tests.test_backend_refactoring.TestUsersRoutes" name="test_list_users_unauthenticated" time="0.061"><failure message="assert 200 == 401&#10; +  where 200 = &lt;Response [200]&gt;.status_code">tests/test_backend_refactoring.py:170: in test_list_users_unauthenticated
    assert response.status_code == 401
E   assert 200 == 401
E    +  where 200 = &lt;Response [200]&gt;.status_code</failure></testcase><testcase classname="tests.test_backend_refactoring.TestUsersRoutes" name="test_list_users_coach_forbidden" time="0.626" /><testcase classname="tests.test_backend_refactoring.TestCoachesRoutes" name="test_list_coaches_admin" time="0.078" /><testcase classname="tests.test_backend_refactoring.TestCoachesRoutes" name="test_list_coaches_unauthenticated" time="0.064"><failure message="assert 403 == 401&#10; +  where 403 = &lt;Response [403]&gt;.status_code">tests/test_backend_refactoring.py:207: in test_list_coaches_unauthenticated
    assert response.status_code == 401
E   assert 403 == 401
E    +  where 403 = &lt;Response [403]&gt;.status_code</failure></testcase><testcase classname="tests.test_backend_refactoring.TestCoachesRoutes" name="test_list_coaches_coach_forbidden" time="0.084" /><testcase classname="tests.test_backend_refactoring.TestInvitesRoutes" name="test_list_invites_admin" time="0.074" /><testcase classname="tests.test_backend_refactoring.TestInvitesRoutes" name="test_list_invites_unauthenticated" time="0.058"><failure message="assert 403 == 401&#10; +  where 403 = &lt;Response [403]&gt;.status_code">tests/test_backend_refactoring.py:236: in test_list_invites_unauthenticated
    assert response.status_code == 401
E   assert 403 == 401
E    +  where 403 = &lt;Response [403]&gt;.status_code</failure></testcase><testcase classname="tests.test_backend_refactoring.TestInvitesRoutes" name="test_list_invites_coach_forbidden" time="0.076" /><testcase classname="tests.test_backend_refactoring.TestInvitesRoutes" name="test_validate_invalid_invite" time="0.071" /><testcase classname="tests.test_backend_refactoring.TestObservationsRoutes" name="test_list_observations_admin" time="0.064" /><testcase classname="tests.test_backend_refactoring.TestObservationsRoutes" name="test_list_observations_unauthenticated" time="0.074"><failure message="assert 403 == 401&#10; +  where 403 = &lt;Response [403]&gt;.status_code">tests/test_backend_refactoring.py:281: in test_list_observations_unauthenticated
    assert response.status_code == 401
E   assert 403 == 401
E    +  where 403 = &lt;Response [403]&gt;.status_code</failure></testcase><testcase classname="tests.test_backend_refactoring.TestObservationsRoutes" name="test_list_observations_coach_forbidden" time="0.084" /><testcase classname="tests.test_backend_refactoring.TestOrganizationRoutes" name="test_get_organization_admin" time="0.092" /><testcase classname="tests.test_backend_refactoring.TestOrganizationRoutes" name="test_get_organization_unauthenticated" time="0.062"><failure message="assert 200 == 401&#10; +  where 200 = &lt;Response [200]&gt;.status_code">tests/test_backend_refactoring.py:311: in test_get_organization_unauthenticated
    assert response.status_code == 401
E   assert 200 == 401
E    +  where 200 = &lt;Response [200]&gt;.status_code</failure></testcase><testcase classname="tests.test_backend_refactoring.TestOrganizationRoutes" name="test_get_organization_coach" time="0.078" /><testcase classname="tests.test_backend_refactoring.TestCoachDashboard" name="test_coach_dashboard_access" time="0.153" /><testcase classname="tests.test_backend_refactoring.TestCoachDashboard" name="test_coach_sessions" time="0.068" /><testcase classname="tests.test_backend_refactoring.TestAPIRootAndHealth" name="test_api_root" time="0.088" /><testcase classname="tests.test_backend_refactoring.TestAPIRootAndHealth" name="test_config_check" time="0.139" /></testsuite></testsuites>