<?xml version="1.0" encoding="utf-8"?><testsuites name="pytest tests"><testsuite name="pytest" errors="0" failures="1" skipped="0" tests="13" time="5.257" timestamp="2026-02-13T23:20:08.283843+00:00" hostname="agent-env-390668ba-ebce-48f8-b9d6-96696886d70e"><testcase classname="backend.tests.test_reflection_templates.TestReflectionTemplatesAPI" name="test_list_templates_no_filter" time="0.575" /><testcase classname="backend.tests.test_reflection_templates.TestReflectionTemplatesAPI" name="test_list_templates_coach_educator" time="0.379" /><testcase classname="backend.tests.test_reflection_templates.TestReflectionTemplatesAPI" name="test_list_templates_coach" time="0.121" /><testcase classname="backend.tests.test_reflection_templates.TestReflectionTemplatesAPI" name="test_create_template_text_question" time="0.288" /><testcase classname="backend.tests.test_reflection_templates.TestReflectionTemplatesAPI" name="test_create_template_scale_question" time="0.318" /><testcase classname="backend.tests.test_reflection_templates.TestReflectionTemplatesAPI" name="test_create_template_dropdown_question" time="0.307" /><testcase classname="backend.tests.test_reflection_templates.TestReflectionTemplatesAPI" name="test_create_template_checkbox_question" time="0.280" /><testcase classname="backend.tests.test_reflection_templates.TestReflectionTemplatesAPI" name="test_create_template_mixed_questions" time="0.304" /><testcase classname="backend.tests.test_reflection_templates.TestReflectionTemplatesAPI" name="test_set_and_unset_default" time="0.814" /><testcase classname="backend.tests.test_reflection_templates.TestReflectionTemplatesAPI" name="test_only_one_default_per_role" time="0.816"><failure message="AssertionError: First template should no longer be default&#10;assert True == False">backend/tests/test_reflection_templates.py:446: in test_only_one_default_per_role
    assert get1_resp.json()["is_default"] == False, "First template should no longer be default"
E   AssertionError: First template should no longer be default
E   assert True == False</failure></testcase><testcase classname="backend.tests.test_reflection_templates.TestReflectionTemplatesAPI" name="test_update_template" time="0.354" /><testcase classname="backend.tests.test_reflection_templates.TestReflectionTemplatesAPI" name="test_delete_template" time="0.465" /><testcase classname="backend.tests.test_reflection_templates.TestReflectionTemplatesAPI" name="test_unauthorized_access" time="0.133" /></testsuite></testsuites>