<?xml version="1.0" encoding="utf-8"?><testsuites name="pytest tests"><testsuite name="pytest" errors="0" failures="2" skipped="0" tests="10" time="1.978" timestamp="2026-02-12T11:53:34.757838+00:00" hostname="agent-env-fe9ed038-fce5-44de-9307-5d1b072d1122"><testcase classname="tests.test_session_display.TestAuthAndSetup" name="test_login_success" time="0.355" /><testcase classname="tests.test_session_display.TestCoachesEndpoint" name="test_coaches_list_returns_session_counts" time="0.281" /><testcase classname="tests.test_session_display.TestCoachesEndpoint" name="test_coach_profile_returns_data" time="0.028" /><testcase classname="tests.test_session_display.TestObservationsEndpoint" name="test_observations_list_returns_sessions" time="0.283" /><testcase classname="tests.test_session_display.TestObservationsEndpoint" name="test_observations_include_planned_date" time="0.014" /><testcase classname="tests.test_session_display.TestSessionCreation" name="test_create_planned_session" time="0.331"><failure message="AssertionError: assert None == 'planned'&#10; +  where None = &lt;built-in method get of dict object at 0xf962daec0c00&gt;('status')&#10; +    where &lt;built-in method get of dict object at 0xf962daec0c00&gt; = {'session_id': 'test_planned_efde8988', 'success': True, 'synced_at': '2026-02-12T11:53:36.114376+00:00'}.get">tests/test_session_display.py:196: in test_create_planned_session
    assert data.get("status") == "planned"
E   AssertionError: assert None == 'planned'
E    +  where None = &lt;built-in method get of dict object at 0xf962daec0c00&gt;('status')
E    +    where &lt;built-in method get of dict object at 0xf962daec0c00&gt; = {'session_id': 'test_planned_efde8988', 'success': True, 'synced_at': '2026-02-12T11:53:36.114376+00:00'}.get</failure></testcase><testcase classname="tests.test_session_display.TestSessionCreation" name="test_create_draft_session" time="0.012"><failure message="AssertionError: assert None == 'draft'&#10; +  where None = &lt;built-in method get of dict object at 0xf962dad72fc0&gt;('status')&#10; +    where &lt;built-in method get of dict object at 0xf962dad72fc0&gt; = {'session_id': 'test_draft_0f70e28e', 'success': True, 'synced_at': '2026-02-12T11:53:36.152168+00:00'}.get">tests/test_session_display.py:221: in test_create_draft_session
    assert data.get("status") == "draft"
E   AssertionError: assert None == 'draft'
E    +  where None = &lt;built-in method get of dict object at 0xf962dad72fc0&gt;('status')
E    +    where &lt;built-in method get of dict object at 0xf962dad72fc0&gt; = {'session_id': 'test_draft_0f70e28e', 'success': True, 'synced_at': '2026-02-12T11:53:36.152168+00:00'}.get</failure></testcase><testcase classname="tests.test_session_display.TestCoachSessionsEndpoint" name="test_coach_sessions_endpoint_exists" time="0.288" /><testcase classname="tests.test_session_display.TestCalendarDataLoading" name="test_observations_returns_all_status_types" time="0.272" /><testcase classname="tests.test_session_display.TestCalendarDataLoading" name="test_sessions_have_dates_for_calendar" time="0.010" /></testsuite></testsuites>