<?xml version="1.0" encoding="utf-8"?><testsuites name="pytest tests"><testsuite name="pytest" errors="0" failures="0" skipped="0" tests="10" time="2.142" timestamp="2026-02-12T11:53:56.465950+00:00" hostname="agent-env-fe9ed038-fce5-44de-9307-5d1b072d1122"><testcase classname="tests.test_session_display.TestAuthAndSetup" name="test_login_success" time="0.297" /><testcase classname="tests.test_session_display.TestCoachesEndpoint" name="test_coaches_list_returns_session_counts" time="0.284" /><testcase classname="tests.test_session_display.TestCoachesEndpoint" name="test_coach_profile_returns_data" time="0.031" /><testcase classname="tests.test_session_display.TestObservationsEndpoint" name="test_observations_list_returns_sessions" time="0.274" /><testcase classname="tests.test_session_display.TestObservationsEndpoint" name="test_observations_include_planned_date" time="0.055" /><testcase classname="tests.test_session_display.TestSessionCreation" name="test_create_planned_session" time="0.437" /><testcase classname="tests.test_session_display.TestSessionCreation" name="test_create_draft_session" time="0.116" /><testcase classname="tests.test_session_display.TestCoachSessionsEndpoint" name="test_coach_sessions_endpoint_exists" time="0.287" /><testcase classname="tests.test_session_display.TestCalendarDataLoading" name="test_observations_returns_all_status_types" time="0.276" /><testcase classname="tests.test_session_display.TestCalendarDataLoading" name="test_sessions_have_dates_for_calendar" time="0.011" /></testsuite></testsuites>