<?xml version="1.0" encoding="utf-8"?><testsuites name="pytest tests"><testsuite name="pytest" errors="0" failures="0" skipped="0" tests="16" time="2.082" timestamp="2026-02-23T12:58:58.884945+00:00" hostname="agent-env-3330a50a-2736-47a9-85f6-7a24dc8cee21"><testcase classname="tests.test_shared_reflections.TestObserverReflectionSharing" name="test_toggle_observer_sharing_on" time="0.485" /><testcase classname="tests.test_shared_reflections.TestObserverReflectionSharing" name="test_toggle_observer_sharing_off" time="0.055" /><testcase classname="tests.test_shared_reflections.TestObserverReflectionSharing" name="test_observer_sharing_requires_auth" time="0.138" /><testcase classname="tests.test_shared_reflections.TestObserverReflectionSharing" name="test_observer_sharing_only_by_owner" time="0.410" /><testcase classname="tests.test_shared_reflections.TestCoachReflectionSharing" name="test_toggle_coach_sharing_on" time="0.069" /><testcase classname="tests.test_shared_reflections.TestCoachReflectionSharing" name="test_toggle_coach_sharing_off" time="0.070" /><testcase classname="tests.test_shared_reflections.TestCoachReflectionSharing" name="test_coach_sharing_requires_auth" time="0.104" /><testcase classname="tests.test_shared_reflections.TestCoachReflectionSharing" name="test_coach_sharing_only_by_coach" time="0.050" /><testcase classname="tests.test_shared_reflections.TestOtherReflectionStatus" name="test_coach_developer_sees_other_reflection_status" time="0.055" /><testcase classname="tests.test_shared_reflections.TestOtherReflectionStatus" name="test_coach_sees_other_reflection_status" time="0.062" /><testcase classname="tests.test_shared_reflections.TestOtherReflectionStatus" name="test_session_has_sharing_flags" time="0.052" /><testcase classname="tests.test_shared_reflections.TestOtherReflectionStatus" name="test_session_has_other_user_name" time="0.053" /><testcase classname="tests.test_shared_reflections.TestSharingStateFlow" name="test_sharing_default_is_on" time="0.124" /><testcase classname="tests.test_shared_reflections.TestSharingStateFlow" name="test_toggle_persists" time="0.155" /><testcase classname="tests.test_shared_reflections.TestNonExistentSession" name="test_observer_sharing_nonexistent_session" time="0.053" /><testcase classname="tests.test_shared_reflections.TestNonExistentSession" name="test_coach_sharing_nonexistent_session" time="0.075" /></testsuite></testsuites>