<?xml version="1.0" encoding="utf-8"?><testsuites name="pytest tests"><testsuite name="pytest" errors="0" failures="3" skipped="7" tests="14" time="1.322" timestamp="2026-02-26T17:19:21.272804+00:00" hostname="agent-env-64a27f09-0bf2-47e2-9380-88719d01b0bb"><testcase classname="backend.tests.test_subscription_update_fix.TestAuthAndCoachEndpoints" name="test_login_returns_valid_response" time="0.262"><failure message="AssertionError: Login failed: {&quot;detail&quot;:&quot;Not Found&quot;}&#10;assert 404 == 200&#10; +  where 404 = &lt;Response [404]&gt;.status_code">backend/tests/test_subscription_update_fix.py:70: in test_login_returns_valid_response
    assert response.status_code == 200, f"Login failed: {response.text}"
E   AssertionError: Login failed: {"detail":"Not Found"}
E   assert 404 == 200
E    +  where 404 = &lt;Response [404]&gt;.status_code</failure></testcase><testcase classname="backend.tests.test_subscription_update_fix.TestAuthAndCoachEndpoints" name="test_login_returns_token_or_session" time="0.098"><failure message="assert 404 == 200&#10; +  where 404 = &lt;Response [404]&gt;.status_code">backend/tests/test_subscription_update_fix.py:84: in test_login_returns_token_or_session
    assert response.status_code == 200
E   assert 404 == 200
E    +  where 404 = &lt;Response [404]&gt;.status_code</failure></testcase><testcase classname="backend.tests.test_subscription_update_fix.TestAuthAndCoachEndpoints" name="test_coaches_endpoint_without_auth_returns_401" time="0.098" /><testcase classname="backend.tests.test_subscription_update_fix.TestAuthAndCoachEndpoints" name="test_coaches_endpoint_with_auth_returns_200" time="0.090"><skipped type="pytest.skip" message="Login failed with status 404: {&quot;detail&quot;:&quot;Not Found&quot;}">/app/backend/tests/test_subscription_update_fix.py:103: Login failed with status 404: {"detail":"Not Found"}</skipped></testcase><testcase classname="backend.tests.test_subscription_update_fix.TestAuthAndCoachEndpoints" name="test_coaches_endpoint_with_cookie_auth" time="0.089"><failure message="assert 404 == 200&#10; +  where 404 = &lt;Response [404]&gt;.status_code">backend/tests/test_subscription_update_fix.py:124: in test_coaches_endpoint_with_cookie_auth
    assert login_response.status_code == 200
E   assert 404 == 200
E    +  where 404 = &lt;Response [404]&gt;.status_code</failure></testcase><testcase classname="backend.tests.test_subscription_update_fix.TestAuthAndCoachEndpoints" name="test_single_coach_endpoint_with_auth" time="0.000"><skipped type="pytest.skip" message="Login failed with status 404: {&quot;detail&quot;:&quot;Not Found&quot;}">/app/backend/tests/test_subscription_update_fix.py:135: Login failed with status 404: {"detail":"Not Found"}</skipped></testcase><testcase classname="backend.tests.test_subscription_update_fix.TestAuthAndCoachEndpoints" name="test_single_coach_without_auth_returns_401" time="0.093" /><testcase classname="backend.tests.test_subscription_update_fix.TestPaymentEndpoints" name="test_subscription_details_endpoint_exists" time="0.271"><skipped type="pytest.skip" message="Login failed with status 404: {&quot;detail&quot;:&quot;Not Found&quot;}">/app/backend/tests/test_subscription_update_fix.py:219: Login failed with status 404: {"detail":"Not Found"}</skipped></testcase><testcase classname="backend.tests.test_subscription_update_fix.TestPaymentEndpoints" name="test_subscription_details_without_auth_returns_401" time="0.082" /><testcase classname="backend.tests.test_subscription_update_fix.TestPaymentEndpoints" name="test_update_subscription_endpoint_exists" time="0.000"><skipped type="pytest.skip" message="Login failed with status 404: {&quot;detail&quot;:&quot;Not Found&quot;}">/app/backend/tests/test_subscription_update_fix.py:244: Login failed with status 404: {"detail":"Not Found"}</skipped></testcase><testcase classname="backend.tests.test_subscription_update_fix.TestPaymentEndpoints" name="test_update_subscription_without_auth_returns_401" time="0.137" /><testcase classname="backend.tests.test_subscription_update_fix.TestPaymentEndpoints" name="test_update_subscription_validates_tier" time="0.000"><skipped type="pytest.skip" message="Login failed with status 404: {&quot;detail&quot;:&quot;Not Found&quot;}">/app/backend/tests/test_subscription_update_fix.py:287: Login failed with status 404: {"detail":"Not Found"}</skipped></testcase><testcase classname="backend.tests.test_subscription_update_fix.TestPaymentEndpoints" name="test_update_subscription_validates_billing_period" time="0.000"><skipped type="pytest.skip" message="Login failed with status 404: {&quot;detail&quot;:&quot;Not Found&quot;}">/app/backend/tests/test_subscription_update_fix.py:302: Login failed with status 404: {"detail":"Not Found"}</skipped></testcase><testcase classname="backend.tests.test_subscription_update_fix.TestPaymentEndpoints" name="test_checkout_endpoint_exists" time="0.000"><skipped type="pytest.skip" message="Login failed with status 404: {&quot;detail&quot;:&quot;Not Found&quot;}">/app/backend/tests/test_subscription_update_fix.py:319: Login failed with status 404: {"detail":"Not Found"}</skipped></testcase></testsuite></testsuites>