<?xml version="1.0" encoding="utf-8"?><testsuites name="pytest tests"><testsuite name="pytest" errors="0" failures="0" skipped="0" tests="9" time="1.616" timestamp="2026-02-26T16:03:12.874846+00:00" hostname="agent-env-e719f278-f4b8-42fd-85f9-512500288f2f"><testcase classname="backend.tests.test_subscription_management.TestSubscriptionManagement" name="test_subscription_details_endpoint_exists" time="0.606" /><testcase classname="backend.tests.test_subscription_management.TestSubscriptionManagement" name="test_subscription_details_returns_correct_structure" time="0.067" /><testcase classname="backend.tests.test_subscription_management.TestSubscriptionManagement" name="test_subscription_details_requires_auth" time="0.198" /><testcase classname="backend.tests.test_subscription_management.TestSubscriptionManagement" name="test_update_subscription_endpoint_exists" time="0.070" /><testcase classname="backend.tests.test_subscription_management.TestSubscriptionManagement" name="test_update_subscription_validates_tier" time="0.075" /><testcase classname="backend.tests.test_subscription_management.TestSubscriptionManagement" name="test_update_subscription_validates_billing_period" time="0.212" /><testcase classname="backend.tests.test_subscription_management.TestSubscriptionManagement" name="test_update_subscription_requires_auth" time="0.149" /><testcase classname="backend.tests.test_subscription_management.TestSubscriptionManagement" name="test_billing_portal_endpoint_exists" time="0.094" /><testcase classname="backend.tests.test_subscription_management.TestSubscriptionManagement" name="test_subscription_status_endpoint" time="0.077" /></testsuite></testsuites>