<?xml version="1.0" encoding="utf-8"?><testsuites name="pytest tests"><testsuite name="pytest" errors="0" failures="0" skipped="0" tests="7" time="2.520" timestamp="2026-02-18T10:01:15.768112+00:00" hostname="agent-env-200e8373-a581-4b6f-9cd8-5325366093f3"><testcase classname="backend.tests.test_subscription_limits.TestSubscriptionLimits" name="test_get_organization_limits" time="0.524" /><testcase classname="backend.tests.test_subscription_limits.TestSubscriptionLimits" name="test_limits_requires_coach_developer" time="0.448" /><testcase classname="backend.tests.test_subscription_limits.TestSubscriptionLimits" name="test_can_add_coach_endpoint" time="0.096" /><testcase classname="backend.tests.test_subscription_limits.TestSubscriptionLimits" name="test_can_add_admin_endpoint" time="0.108" /><testcase classname="backend.tests.test_subscription_limits.TestCoachLimitEnforcement" name="test_create_coach_blocked_when_limit_exceeded" time="0.552" /><testcase classname="backend.tests.test_subscription_limits.TestInviteLimitEnforcement" name="test_coach_invite_blocked_when_limit_exceeded" time="0.538" /><testcase classname="backend.tests.test_subscription_limits.TestInviteLimitEnforcement" name="test_admin_invite_blocked_when_limit_exceeded" time="0.207" /></testsuite></testsuites>