<?xml version="1.0" encoding="utf-8"?><testsuites name="pytest tests"><testsuite name="pytest" errors="0" failures="0" skipped="0" tests="14" time="3.749" timestamp="2026-02-26T17:21:23.278692+00:00" hostname="agent-env-64a27f09-0bf2-47e2-9380-88719d01b0bb"><testcase classname="backend.tests.test_subscription_update_fix.TestAuthAndCoachEndpoints" name="test_login_returns_valid_response" time="0.460" /><testcase classname="backend.tests.test_subscription_update_fix.TestAuthAndCoachEndpoints" name="test_login_returns_token_or_session" time="0.327" /><testcase classname="backend.tests.test_subscription_update_fix.TestAuthAndCoachEndpoints" name="test_coaches_endpoint_without_auth_returns_401" time="0.127" /><testcase classname="backend.tests.test_subscription_update_fix.TestAuthAndCoachEndpoints" name="test_coaches_endpoint_with_auth_returns_200" time="0.481" /><testcase classname="backend.tests.test_subscription_update_fix.TestAuthAndCoachEndpoints" name="test_coaches_endpoint_with_cookie_auth" time="0.369" /><testcase classname="backend.tests.test_subscription_update_fix.TestAuthAndCoachEndpoints" name="test_single_coach_endpoint_with_auth" time="0.148" /><testcase classname="backend.tests.test_subscription_update_fix.TestAuthAndCoachEndpoints" name="test_single_coach_without_auth_returns_401" time="0.133" /><testcase classname="backend.tests.test_subscription_update_fix.TestPaymentEndpoints" name="test_subscription_details_endpoint_exists" time="0.487" /><testcase classname="backend.tests.test_subscription_update_fix.TestPaymentEndpoints" name="test_subscription_details_without_auth_returns_401" time="0.148" /><testcase classname="backend.tests.test_subscription_update_fix.TestPaymentEndpoints" name="test_update_subscription_endpoint_exists" time="0.117" /><testcase classname="backend.tests.test_subscription_update_fix.TestPaymentEndpoints" name="test_update_subscription_without_auth_returns_401" time="0.160" /><testcase classname="backend.tests.test_subscription_update_fix.TestPaymentEndpoints" name="test_update_subscription_validates_tier" time="0.092" /><testcase classname="backend.tests.test_subscription_update_fix.TestPaymentEndpoints" name="test_update_subscription_validates_billing_period" time="0.092" /><testcase classname="backend.tests.test_subscription_update_fix.TestPaymentEndpoints" name="test_checkout_endpoint_exists" time="0.541" /></testsuite></testsuites>